C:\USERS\MILOS1997\DESKTOP\PROJEKAT\POP3CLIENTCPPUNIT\DEBUG\POP3CLIENTCPPUNIT.EXE
C:\USERS\MILOS1997\DESKTOP\PROJEKAT\POP3CLIENTCPPUNIT\DEBUG\POP3CLIENTCPPUNIT.PDB
C:\USERS\MILOS1997\DESKTOP\PROJEKAT\POP3CLIENTCPPUNIT\POP3CLIENTCPPUNIT\DEBUG\BUFFERS.OBJ
C:\USERS\MILOS1997\DESKTOP\PROJEKAT\POP3CLIENTCPPUNIT\POP3CLIENTCPPUNIT\DEBUG\BUFFERSQUEUE.OBJ
C:\USERS\MILOS1997\DESKTOP\PROJEKAT\POP3CLIENTCPPUNIT\POP3CLIENTCPPUNIT\DEBUG\CHAUTO.OBJ
C:\Users\milos1997\Desktop\Projekat\POP3ClientCppUnit\POP3ClientCppUnit\Debug\cl.command.1.tlog
C:\Users\milos1997\Desktop\Projekat\POP3ClientCppUnit\POP3ClientCppUnit\Debug\CL.read.1.tlog
C:\Users\milos1997\Desktop\Projekat\POP3ClientCppUnit\POP3ClientCppUnit\Debug\CL.write.1.tlog
C:\USERS\MILOS1997\DESKTOP\PROJEKAT\POP3CLIENTCPPUNIT\POP3CLIENTCPPUNIT\DEBUG\CLAUTO.OBJ
C:\USERS\MILOS1997\DESKTOP\PROJEKAT\POP3CLIENTCPPUNIT\POP3CLIENTCPPUNIT\DEBUG\CLIENT.OBJ
C:\USERS\MILOS1997\DESKTOP\PROJEKAT\POP3CLIENTCPPUNIT\POP3CLIENTCPPUNIT\DEBUG\CLIENT_DTP.OBJ
C:\USERS\MILOS1997\DESKTOP\PROJEKAT\POP3CLIENTCPPUNIT\POP3CLIENTCPPUNIT\DEBUG\DISTRIBUTION.OBJ
C:\USERS\MILOS1997\DESKTOP\PROJEKAT\POP3CLIENTCPPUNIT\POP3CLIENTCPPUNIT\DEBUG\ERROROBJECT.OBJ
C:\USERS\MILOS1997\DESKTOP\PROJEKAT\POP3CLIENTCPPUNIT\POP3CLIENTCPPUNIT\DEBUG\FSM.OBJ
C:\USERS\MILOS1997\DESKTOP\PROJEKAT\POP3CLIENTCPPUNIT\POP3CLIENTCPPUNIT\DEBUG\FSMSYSTEM.OBJ
C:\USERS\MILOS1997\DESKTOP\PROJEKAT\POP3CLIENTCPPUNIT\POP3CLIENTCPPUNIT\DEBUG\KERNELAPI.OBJ
C:\USERS\MILOS1997\DESKTOP\PROJEKAT\POP3CLIENTCPPUNIT\POP3CLIENTCPPUNIT\DEBUG\KERNELFUNCTIONS.OBJ
C:\Users\milos1997\Desktop\Projekat\POP3ClientCppUnit\POP3ClientCppUnit\Debug\link.command.1.tlog
C:\Users\milos1997\Desktop\Projekat\POP3ClientCppUnit\POP3ClientCppUnit\Debug\link.read.1.tlog
C:\Users\milos1997\Desktop\Projekat\POP3ClientCppUnit\POP3ClientCppUnit\Debug\link.write.1.tlog
C:\USERS\MILOS1997\DESKTOP\PROJEKAT\POP3CLIENTCPPUNIT\POP3CLIENTCPPUNIT\DEBUG\LINUXFUNCTIONS.OBJ
C:\USERS\MILOS1997\DESKTOP\PROJEKAT\POP3CLIENTCPPUNIT\POP3CLIENTCPPUNIT\DEBUG\LOGAUTOMATE.OBJ
C:\USERS\MILOS1997\DESKTOP\PROJEKAT\POP3CLIENTCPPUNIT\POP3CLIENTCPPUNIT\DEBUG\LOGFILE.OBJ
C:\USERS\MILOS1997\DESKTOP\PROJEKAT\POP3CLIENTCPPUNIT\POP3CLIENTCPPUNIT\DEBUG\MAILBOX.OBJ
C:\USERS\MILOS1997\DESKTOP\PROJEKAT\POP3CLIENTCPPUNIT\POP3CLIENTCPPUNIT\DEBUG\MAIN.OBJ
C:\USERS\MILOS1997\DESKTOP\PROJEKAT\POP3CLIENTCPPUNIT\POP3CLIENTCPPUNIT\DEBUG\MAINTEST.OBJ
C:\USERS\MILOS1997\DESKTOP\PROJEKAT\POP3CLIENTCPPUNIT\POP3CLIENTCPPUNIT\DEBUG\MESSAGES.OBJ
C:\USERS\MILOS1997\DESKTOP\PROJEKAT\POP3CLIENTCPPUNIT\POP3CLIENTCPPUNIT\DEBUG\MSGINTERFACE.OBJ
C:\Users\milos1997\Desktop\Projekat\POP3ClientCppUnit\POP3ClientCppUnit\Debug\mt.command.1.tlog
C:\Users\milos1997\Desktop\Projekat\POP3ClientCppUnit\POP3ClientCppUnit\Debug\mt.read.1.tlog
C:\Users\milos1997\Desktop\Projekat\POP3ClientCppUnit\POP3ClientCppUnit\Debug\mt.write.1.tlog
C:\USERS\MILOS1997\DESKTOP\PROJEKAT\POP3CLIENTCPPUNIT\POP3CLIENTCPPUNIT\DEBUG\NETFSM.OBJ
C:\USERS\MILOS1997\DESKTOP\PROJEKAT\POP3CLIENTCPPUNIT\POP3CLIENTCPPUNIT\DEBUG\POP3CLIENTCPPUNIT.EXE.INTERMEDIATE.MANIFEST
C:\Users\milos1997\Desktop\Projekat\POP3ClientCppUnit\POP3ClientCppUnit\Debug\POP3ClientCppUnit.vcxprojResolveAssemblyReference.cache
C:\Users\milos1997\Desktop\Projekat\POP3ClientCppUnit\POP3ClientCppUnit\Debug\POP3ClientCppUnit.write.1.tlog
C:\USERS\MILOS1997\DESKTOP\PROJEKAT\POP3CLIENTCPPUNIT\POP3CLIENTCPPUNIT\DEBUG\POSTOFFICE.OBJ
C:\USERS\MILOS1997\DESKTOP\PROJEKAT\POP3CLIENTCPPUNIT\POP3CLIENTCPPUNIT\DEBUG\RUN.OBJ
C:\USERS\MILOS1997\DESKTOP\PROJEKAT\POP3CLIENTCPPUNIT\POP3CLIENTCPPUNIT\DEBUG\STANDARDMSG.OBJ
C:\USERS\MILOS1997\DESKTOP\PROJEKAT\POP3CLIENTCPPUNIT\POP3CLIENTCPPUNIT\DEBUG\STDMSGPC16PL16.OBJ
C:\USERS\MILOS1997\DESKTOP\PROJEKAT\POP3CLIENTCPPUNIT\POP3CLIENTCPPUNIT\DEBUG\SYSTEMFUNCTIONS.OBJ
C:\USERS\MILOS1997\DESKTOP\PROJEKAT\POP3CLIENTCPPUNIT\POP3CLIENTCPPUNIT\DEBUG\SYSTEMTCP.OBJ
C:\USERS\MILOS1997\DESKTOP\PROJEKAT\POP3CLIENTCPPUNIT\POP3CLIENTCPPUNIT\DEBUG\THREAD.OBJ
C:\USERS\MILOS1997\DESKTOP\PROJEKAT\POP3CLIENTCPPUNIT\POP3CLIENTCPPUNIT\DEBUG\TIMER.OBJ
C:\USERS\MILOS1997\DESKTOP\PROJEKAT\POP3CLIENTCPPUNIT\POP3CLIENTCPPUNIT\DEBUG\TRANSPORTINTERFACE.OBJ
C:\USERS\MILOS1997\DESKTOP\PROJEKAT\POP3CLIENTCPPUNIT\POP3CLIENTCPPUNIT\DEBUG\UDPFSM.OBJ
C:\USERS\MILOS1997\DESKTOP\PROJEKAT\POP3CLIENTCPPUNIT\POP3CLIENTCPPUNIT\DEBUG\UDPLOGINTERFACE.OBJ
C:\USERS\MILOS1997\DESKTOP\PROJEKAT\POP3CLIENTCPPUNIT\POP3CLIENTCPPUNIT\DEBUG\USERAUTO.OBJ
C:\Users\milos1997\Desktop\Projekat\POP3ClientCppUnit\POP3ClientCppUnit\Debug\vc100.idb
C:\USERS\MILOS1997\DESKTOP\PROJEKAT\POP3CLIENTCPPUNIT\POP3CLIENTCPPUNIT\DEBUG\VC100.PDB
C:\Users\milos1997\Desktop\Projekat\POP3ClientCppUnit\POP3ClientCppUnit\Debug\vc140.idb
C:\Users\milos1997\Desktop\Projekat\POP3ClientCppUnit\POP3ClientCppUnit\Debug\vc140.pdb
C:\USERS\MILOS1997\DESKTOP\VEZBE\VEZBA 3 - OKRUZENJE ZA REALIZACIJU PROTOKOLA - PRIMER ZADATKA POP3\POP3CLIENTCPPUNIT\DEBUG\POP3CLIENTCPPUNIT.EXE
C:\USERS\MILOS1997\DESKTOP\VEZBE\VEZBA 3 - OKRUZENJE ZA REALIZACIJU PROTOKOLA - PRIMER ZADATKA POP3\POP3CLIENTCPPUNIT\DEBUG\POP3CLIENTCPPUNIT.PDB
C:\USERS\MILOS1997\DESKTOP\VEZBE\VEZBA 3 - OKRUZENJE ZA REALIZACIJU PROTOKOLA - PRIMER ZADATKA POP3\POP3CLIENTCPPUNIT\POP3CLIENTCPPUNIT\DEBUG\BUFFERS.OBJ
C:\USERS\MILOS1997\DESKTOP\VEZBE\VEZBA 3 - OKRUZENJE ZA REALIZACIJU PROTOKOLA - PRIMER ZADATKA POP3\POP3CLIENTCPPUNIT\POP3CLIENTCPPUNIT\DEBUG\BUFFERSQUEUE.OBJ
C:\USERS\MILOS1997\DESKTOP\VEZBE\VEZBA 3 - OKRUZENJE ZA REALIZACIJU PROTOKOLA - PRIMER ZADATKA POP3\POP3CLIENTCPPUNIT\POP3CLIENTCPPUNIT\DEBUG\CHAUTO.OBJ
C:\USERS\MILOS1997\DESKTOP\VEZBE\VEZBA 3 - OKRUZENJE ZA REALIZACIJU PROTOKOLA - PRIMER ZADATKA POP3\POP3CLIENTCPPUNIT\POP3CLIENTCPPUNIT\DEBUG\CLAUTO.OBJ
C:\USERS\MILOS1997\DESKTOP\VEZBE\VEZBA 3 - OKRUZENJE ZA REALIZACIJU PROTOKOLA - PRIMER ZADATKA POP3\POP3CLIENTCPPUNIT\POP3CLIENTCPPUNIT\DEBUG\CLIENT.OBJ
C:\USERS\MILOS1997\DESKTOP\VEZBE\VEZBA 3 - OKRUZENJE ZA REALIZACIJU PROTOKOLA - PRIMER ZADATKA POP3\POP3CLIENTCPPUNIT\POP3CLIENTCPPUNIT\DEBUG\CLIENT_DTP.OBJ
C:\USERS\MILOS1997\DESKTOP\VEZBE\VEZBA 3 - OKRUZENJE ZA REALIZACIJU PROTOKOLA - PRIMER ZADATKA POP3\POP3CLIENTCPPUNIT\POP3CLIENTCPPUNIT\DEBUG\DISTRIBUTION.OBJ
C:\USERS\MILOS1997\DESKTOP\VEZBE\VEZBA 3 - OKRUZENJE ZA REALIZACIJU PROTOKOLA - PRIMER ZADATKA POP3\POP3CLIENTCPPUNIT\POP3CLIENTCPPUNIT\DEBUG\ERROROBJECT.OBJ
C:\USERS\MILOS1997\DESKTOP\VEZBE\VEZBA 3 - OKRUZENJE ZA REALIZACIJU PROTOKOLA - PRIMER ZADATKA POP3\POP3CLIENTCPPUNIT\POP3CLIENTCPPUNIT\DEBUG\FSM.OBJ
C:\USERS\MILOS1997\DESKTOP\VEZBE\VEZBA 3 - OKRUZENJE ZA REALIZACIJU PROTOKOLA - PRIMER ZADATKA POP3\POP3CLIENTCPPUNIT\POP3CLIENTCPPUNIT\DEBUG\FSMSYSTEM.OBJ
C:\USERS\MILOS1997\DESKTOP\VEZBE\VEZBA 3 - OKRUZENJE ZA REALIZACIJU PROTOKOLA - PRIMER ZADATKA POP3\POP3CLIENTCPPUNIT\POP3CLIENTCPPUNIT\DEBUG\KERNELAPI.OBJ
C:\USERS\MILOS1997\DESKTOP\VEZBE\VEZBA 3 - OKRUZENJE ZA REALIZACIJU PROTOKOLA - PRIMER ZADATKA POP3\POP3CLIENTCPPUNIT\POP3CLIENTCPPUNIT\DEBUG\KERNELFUNCTIONS.OBJ
C:\USERS\MILOS1997\DESKTOP\VEZBE\VEZBA 3 - OKRUZENJE ZA REALIZACIJU PROTOKOLA - PRIMER ZADATKA POP3\POP3CLIENTCPPUNIT\POP3CLIENTCPPUNIT\DEBUG\LINUXFUNCTIONS.OBJ
C:\USERS\MILOS1997\DESKTOP\VEZBE\VEZBA 3 - OKRUZENJE ZA REALIZACIJU PROTOKOLA - PRIMER ZADATKA POP3\POP3CLIENTCPPUNIT\POP3CLIENTCPPUNIT\DEBUG\LOGAUTOMATE.OBJ
C:\USERS\MILOS1997\DESKTOP\VEZBE\VEZBA 3 - OKRUZENJE ZA REALIZACIJU PROTOKOLA - PRIMER ZADATKA POP3\POP3CLIENTCPPUNIT\POP3CLIENTCPPUNIT\DEBUG\LOGFILE.OBJ
C:\USERS\MILOS1997\DESKTOP\VEZBE\VEZBA 3 - OKRUZENJE ZA REALIZACIJU PROTOKOLA - PRIMER ZADATKA POP3\POP3CLIENTCPPUNIT\POP3CLIENTCPPUNIT\DEBUG\MAILBOX.OBJ
C:\USERS\MILOS1997\DESKTOP\VEZBE\VEZBA 3 - OKRUZENJE ZA REALIZACIJU PROTOKOLA - PRIMER ZADATKA POP3\POP3CLIENTCPPUNIT\POP3CLIENTCPPUNIT\DEBUG\MAIN.OBJ
C:\USERS\MILOS1997\DESKTOP\VEZBE\VEZBA 3 - OKRUZENJE ZA REALIZACIJU PROTOKOLA - PRIMER ZADATKA POP3\POP3CLIENTCPPUNIT\POP3CLIENTCPPUNIT\DEBUG\MAINTEST.OBJ
C:\USERS\MILOS1997\DESKTOP\VEZBE\VEZBA 3 - OKRUZENJE ZA REALIZACIJU PROTOKOLA - PRIMER ZADATKA POP3\POP3CLIENTCPPUNIT\POP3CLIENTCPPUNIT\DEBUG\MESSAGES.OBJ
C:\USERS\MILOS1997\DESKTOP\VEZBE\VEZBA 3 - OKRUZENJE ZA REALIZACIJU PROTOKOLA - PRIMER ZADATKA POP3\POP3CLIENTCPPUNIT\POP3CLIENTCPPUNIT\DEBUG\MSGINTERFACE.OBJ
C:\USERS\MILOS1997\DESKTOP\VEZBE\VEZBA 3 - OKRUZENJE ZA REALIZACIJU PROTOKOLA - PRIMER ZADATKA POP3\POP3CLIENTCPPUNIT\POP3CLIENTCPPUNIT\DEBUG\NETFSM.OBJ
C:\USERS\MILOS1997\DESKTOP\VEZBE\VEZBA 3 - OKRUZENJE ZA REALIZACIJU PROTOKOLA - PRIMER ZADATKA POP3\POP3CLIENTCPPUNIT\POP3CLIENTCPPUNIT\DEBUG\POP3CLIENTCPPUNIT.EXE.INTERMEDIATE.MANIFEST
C:\USERS\MILOS1997\DESKTOP\VEZBE\VEZBA 3 - OKRUZENJE ZA REALIZACIJU PROTOKOLA - PRIMER ZADATKA POP3\POP3CLIENTCPPUNIT\POP3CLIENTCPPUNIT\DEBUG\POSTOFFICE.OBJ
C:\USERS\MILOS1997\DESKTOP\VEZBE\VEZBA 3 - OKRUZENJE ZA REALIZACIJU PROTOKOLA - PRIMER ZADATKA POP3\POP3CLIENTCPPUNIT\POP3CLIENTCPPUNIT\DEBUG\RUN.OBJ
C:\USERS\MILOS1997\DESKTOP\VEZBE\VEZBA 3 - OKRUZENJE ZA REALIZACIJU PROTOKOLA - PRIMER ZADATKA POP3\POP3CLIENTCPPUNIT\POP3CLIENTCPPUNIT\DEBUG\STANDARDMSG.OBJ
C:\USERS\MILOS1997\DESKTOP\VEZBE\VEZBA 3 - OKRUZENJE ZA REALIZACIJU PROTOKOLA - PRIMER ZADATKA POP3\POP3CLIENTCPPUNIT\POP3CLIENTCPPUNIT\DEBUG\STDMSGPC16PL16.OBJ
C:\USERS\MILOS1997\DESKTOP\VEZBE\VEZBA 3 - OKRUZENJE ZA REALIZACIJU PROTOKOLA - PRIMER ZADATKA POP3\POP3CLIENTCPPUNIT\POP3CLIENTCPPUNIT\DEBUG\SYSTEMFUNCTIONS.OBJ
C:\USERS\MILOS1997\DESKTOP\VEZBE\VEZBA 3 - OKRUZENJE ZA REALIZACIJU PROTOKOLA - PRIMER ZADATKA POP3\POP3CLIENTCPPUNIT\POP3CLIENTCPPUNIT\DEBUG\SYSTEMTCP.OBJ
C:\USERS\MILOS1997\DESKTOP\VEZBE\VEZBA 3 - OKRUZENJE ZA REALIZACIJU PROTOKOLA - PRIMER ZADATKA POP3\POP3CLIENTCPPUNIT\POP3CLIENTCPPUNIT\DEBUG\THREAD.OBJ
C:\USERS\MILOS1997\DESKTOP\VEZBE\VEZBA 3 - OKRUZENJE ZA REALIZACIJU PROTOKOLA - PRIMER ZADATKA POP3\POP3CLIENTCPPUNIT\POP3CLIENTCPPUNIT\DEBUG\TIMER.OBJ
C:\USERS\MILOS1997\DESKTOP\VEZBE\VEZBA 3 - OKRUZENJE ZA REALIZACIJU PROTOKOLA - PRIMER ZADATKA POP3\POP3CLIENTCPPUNIT\POP3CLIENTCPPUNIT\DEBUG\TRANSPORTINTERFACE.OBJ
C:\USERS\MILOS1997\DESKTOP\VEZBE\VEZBA 3 - OKRUZENJE ZA REALIZACIJU PROTOKOLA - PRIMER ZADATKA POP3\POP3CLIENTCPPUNIT\POP3CLIENTCPPUNIT\DEBUG\UDPFSM.OBJ
C:\USERS\MILOS1997\DESKTOP\VEZBE\VEZBA 3 - OKRUZENJE ZA REALIZACIJU PROTOKOLA - PRIMER ZADATKA POP3\POP3CLIENTCPPUNIT\POP3CLIENTCPPUNIT\DEBUG\UDPLOGINTERFACE.OBJ
C:\USERS\MILOS1997\DESKTOP\VEZBE\VEZBA 3 - OKRUZENJE ZA REALIZACIJU PROTOKOLA - PRIMER ZADATKA POP3\POP3CLIENTCPPUNIT\POP3CLIENTCPPUNIT\DEBUG\USERAUTO.OBJ
C:\USERS\MILOS1997\DESKTOP\VEZBE\VEZBA 3 - OKRUZENJE ZA REALIZACIJU PROTOKOLA - PRIMER ZADATKA POP3\POP3CLIENTCPPUNIT\POP3CLIENTCPPUNIT\DEBUG\VC100.PDB
