C:\USERS\MILOS1997\DESKTOP\PROJEKAT\POP3CLIENTCPPUNIT\DEBUG\SERVER.EXE
C:\USERS\MILOS1997\DESKTOP\PROJEKAT\POP3CLIENTCPPUNIT\DEBUG\SERVER.ILK
C:\USERS\MILOS1997\DESKTOP\PROJEKAT\POP3CLIENTCPPUNIT\DEBUG\SERVER.PDB
C:\Users\milos1997\Desktop\Projekat\Server\Server\Debug\cl.command.1.tlog
C:\Users\milos1997\Desktop\Projekat\Server\Server\Debug\CL.read.1.tlog
C:\Users\milos1997\Desktop\Projekat\Server\Server\Debug\CL.write.1.tlog
C:\Users\milos1997\Desktop\Projekat\Server\Server\Debug\link.9172.read.1.tlog
C:\Users\milos1997\Desktop\Projekat\Server\Server\Debug\link.9172.write.1.tlog
C:\Users\milos1997\Desktop\Projekat\Server\Server\Debug\link.9172-cvtres.read.1.tlog
C:\Users\milos1997\Desktop\Projekat\Server\Server\Debug\link.9172-cvtres.write.1.tlog
C:\Users\milos1997\Desktop\Projekat\Server\Server\Debug\link.command.1.tlog
C:\Users\milos1997\Desktop\Projekat\Server\Server\Debug\link.read.1.tlog
C:\Users\milos1997\Desktop\Projekat\Server\Server\Debug\link.write.1.tlog
C:\Users\milos1997\Desktop\Projekat\Server\Server\Debug\link-cvtres.read.1.tlog
C:\Users\milos1997\Desktop\Projekat\Server\Server\Debug\link-cvtres.write.1.tlog
C:\USERS\MILOS1997\DESKTOP\PROJEKAT\SERVER\SERVER\DEBUG\MAIN.OBJ
C:\Users\milos1997\Desktop\Projekat\Server\Server\Debug\mt.command.1.tlog
C:\Users\milos1997\Desktop\Projekat\Server\Server\Debug\mt.read.1.tlog
C:\Users\milos1997\Desktop\Projekat\Server\Server\Debug\mt.write.1.tlog
C:\Users\milos1997\Desktop\Projekat\Server\Server\Debug\rc.command.1.tlog
C:\Users\milos1997\Desktop\Projekat\Server\Server\Debug\rc.read.1.tlog
C:\Users\milos1997\Desktop\Projekat\Server\Server\Debug\rc.write.1.tlog
C:\USERS\MILOS1997\DESKTOP\PROJEKAT\SERVER\SERVER\DEBUG\SERVER.EXE.EMBED.MANIFEST
C:\USERS\MILOS1997\DESKTOP\PROJEKAT\SERVER\SERVER\DEBUG\SERVER.EXE.EMBED.MANIFEST.RES
C:\USERS\MILOS1997\DESKTOP\PROJEKAT\SERVER\SERVER\DEBUG\SERVER.EXE.INTERMEDIATE.MANIFEST
C:\Users\milos1997\Desktop\Projekat\Server\Server\Debug\Server.vcxprojResolveAssemblyReference.cache
C:\Users\milos1997\Desktop\Projekat\Server\Server\Debug\Server.write.1.tlog
C:\Users\milos1997\Desktop\Projekat\Server\Server\Debug\Server_manifest.rc
C:\Users\milos1997\Desktop\Projekat\Server\Server\Debug\vc100.idb
C:\USERS\MILOS1997\DESKTOP\PROJEKAT\SERVER\SERVER\DEBUG\VC100.PDB
